\BOOKMARK [1][-]{section.1}{\376\377\000I\000n\000t\000r\000o\000d\000u\000\347\000\343\000o}{}% 1
\BOOKMARK [2][-]{subsection.1.1}{\376\377\000C\000o\000n\000t\000e\000x\000t\000o\000\040\000H\000i\000s\000t\000\363\000r\000i\000c\000o}{section.1}% 2
\BOOKMARK [2][-]{subsection.1.2}{\376\377\000M\000o\000t\000i\000v\000a\000\347\000\343\000o\000\040\000E\000c\000o\000n\000\364\000m\000i\000c\000a}{section.1}% 3
\BOOKMARK [2][-]{subsection.1.3}{\376\377\000M\000o\000t\000i\000v\000a\000\347\000\343\000o\000\040\000T\000\351\000c\000n\000i\000c\000a}{section.1}% 4
\BOOKMARK [2][-]{subsection.1.4}{\376\377\000O\000b\000j\000e\000t\000i\000v\000o\000s}{section.1}% 5
\BOOKMARK [2][-]{subsection.1.5}{\376\377\000E\000s\000t\000r\000u\000t\000u\000r\000a\000\040\000d\000a\000\040\000M\000o\000n\000o\000g\000r\000a\000f\000i\000a}{section.1}% 6
\BOOKMARK [1][-]{section.2}{\376\377\000R\000e\000v\000i\000s\000\343\000o\000\040\000B\000i\000b\000l\000i\000o\000g\000r\000\341\000f\000i\000c\000a}{}% 7
\BOOKMARK [2][-]{subsection.2.1}{\376\377\000S\000t\000e\000r\000e\000o\000l\000i\000t\000h\000o\000g\000r\000a\000p\000h\000y\000\040\000\050\000S\000L\000A\000\051}{section.2}% 8
\BOOKMARK [2][-]{subsection.2.2}{\376\377\000S\000e\000l\000e\000c\000t\000i\000v\000e\000\040\000L\000a\000s\000e\000r\000\040\000S\000i\000n\000t\000e\000r\000i\000n\000g\000\040\000\050\000S\000L\000S\000\051}{section.2}% 9
\BOOKMARK [2][-]{subsection.2.3}{\376\377\000F\000u\000s\000e\000d\000\040\000D\000e\000p\000o\000s\000i\000t\000i\000o\000n\000\040\000M\000o\000d\000e\000l\000i\000n\000g\000\040\000\050\000F\000D\000M\000\051}{section.2}% 10
\BOOKMARK [3][-]{subsubsection.2.3.1}{\376\377\000M\000e\000c\000\342\000n\000i\000c\000a\000:\000\040\000M\000o\000v\000i\000m\000e\000n\000t\000a\000\347\000\343\000o\000\040\000d\000o\000\040\000E\000f\000e\000t\000u\000a\000d\000o\000r}{subsection.2.3}% 11
\BOOKMARK [3][-]{subsubsection.2.3.2}{\376\377\000M\000e\000c\000\342\000n\000i\000c\000a\000:\000\040\000E\000x\000t\000r\000u\000s\000o\000r\000\040\000d\000e\000\040\000F\000i\000l\000a\000m\000e\000n\000t\000o}{subsection.2.3}% 12
\BOOKMARK [3][-]{subsubsection.2.3.3}{\376\377\000T\000e\000r\000m\000o\000d\000i\000n\000\342\000m\000i\000c\000a\000:\000\040\000B\000i\000c\000o\000\040\000A\000q\000u\000e\000c\000i\000d\000o\000\040\000\050\000H\000o\000t\000\040\000E\000n\000d\000\051}{subsection.2.3}% 13
\BOOKMARK [3][-]{subsubsection.2.3.4}{\376\377\000T\000e\000r\000m\000o\000d\000i\000n\000\342\000m\000i\000c\000a\000:\000\040\000M\000e\000s\000a\000\040\000A\000q\000u\000e\000c\000i\000d\000a\000\040\000\050\000H\000e\000a\000t\000e\000d\000\040\000B\000e\000d\000\051}{subsection.2.3}% 14
\BOOKMARK [3][-]{subsubsection.2.3.5}{\376\377\000E\000l\000\351\000t\000r\000i\000c\000a\000:\000\040\000M\000o\000t\000o\000r\000e\000s\000\040\000e\000\040\000D\000r\000i\000v\000e\000r\000s}{subsection.2.3}% 15
\BOOKMARK [3][-]{subsubsection.2.3.6}{\376\377\000E\000l\000\351\000t\000r\000i\000c\000a\000:\000\040\000A\000q\000u\000e\000c\000e\000d\000o\000r\000e\000s}{subsection.2.3}% 16
\BOOKMARK [3][-]{subsubsection.2.3.7}{\376\377\000E\000l\000\351\000t\000r\000i\000c\000a\000:\000\040\000F\000o\000n\000t\000e}{subsection.2.3}% 17
\BOOKMARK [3][-]{subsubsection.2.3.8}{\376\377\000E\000l\000e\000t\000r\000\364\000n\000i\000c\000a\000:\000\040\000S\000e\000n\000s\000o\000r\000e\000s}{subsection.2.3}% 18
\BOOKMARK [3][-]{subsubsection.2.3.9}{\376\377\000E\000l\000e\000t\000r\000\364\000n\000i\000c\000a\000:\000\040\000M\000i\000c\000r\000o\000c\000o\000n\000t\000r\000o\000l\000a\000d\000o\000r}{subsection.2.3}% 19
\BOOKMARK [3][-]{subsubsection.2.3.10}{\376\377\000F\000i\000r\000m\000w\000a\000r\000e}{subsection.2.3}% 20
\BOOKMARK [1][-]{section.3}{\376\377\000M\000e\000t\000o\000d\000o\000l\000o\000g\000i\000a\000s}{}% 21
\BOOKMARK [2][-]{subsection.3.1}{\376\377\000P\000r\000o\000j\000e\000t\000o\000\040\000M\000e\000c\000\342\000n\000i\000c\000o}{section.3}% 22
\BOOKMARK [3][-]{subsubsection.3.1.1}{\376\377\000E\000s\000t\000r\000u\000t\000u\000r\000a}{subsection.3.1}% 23
\BOOKMARK [3][-]{subsubsection.3.1.2}{\376\377\000M\000o\000v\000i\000m\000e\000n\000t\000o\000\040\000d\000o\000\040\000e\000f\000e\000t\000u\000a\000d\000o\000r}{subsection.3.1}% 24
\BOOKMARK [3][-]{subsubsection.3.1.3}{\376\377\000M\000o\000v\000i\000m\000e\000n\000t\000o\000\040\000d\000a\000\040\000m\000e\000s\000a}{subsection.3.1}% 25
\BOOKMARK [2][-]{subsection.3.2}{\376\377\000P\000r\000o\000j\000e\000t\000o\000\040\000E\000l\000\351\000t\000r\000i\000c\000o}{section.3}% 26
\BOOKMARK [3][-]{subsubsection.3.2.1}{\376\377\000D\000i\000m\000e\000n\000s\000i\000o\000n\000a\000m\000e\000n\000t\000o}{subsection.3.2}% 27
\BOOKMARK [3][-]{subsubsection.3.2.2}{\376\377\000D\000i\000a\000g\000r\000a\000m\000a\000\040\000E\000l\000\351\000t\000r\000i\000c\000o}{subsection.3.2}% 28
\BOOKMARK [2][-]{subsection.3.3}{\376\377\000P\000r\000o\000j\000e\000t\000o\000\040\000E\000l\000e\000t\000r\000\364\000n\000i\000c\000o}{section.3}% 29
\BOOKMARK [3][-]{subsubsection.3.3.1}{\376\377\000E\000s\000q\000u\000e\000m\000\341\000t\000i\000c\000o}{subsection.3.3}% 30
\BOOKMARK [3][-]{subsubsection.3.3.2}{\376\377\000P\000l\000a\000c\000a\000\040\000d\000e\000\040\000C\000i\000r\000c\000u\000i\000t\000o\000\040\000I\000m\000p\000r\000e\000s\000s\000o}{subsection.3.3}% 31
\BOOKMARK [2][-]{subsection.3.4}{\376\377\000P\000r\000o\000j\000e\000t\000o\000\040\000d\000e\000\040\000F\000i\000r\000m\000w\000a\000r\000e}{section.3}% 32
\BOOKMARK [3][-]{subsubsection.3.4.1}{\376\377\000A\000r\000q\000u\000i\000t\000e\000t\000u\000r\000a}{subsection.3.4}% 33
\BOOKMARK [3][-]{subsubsection.3.4.2}{\376\377\000C\000o\000n\000t\000r\000o\000l\000e\000\040\000d\000o\000\040\000M\000o\000t\000o\000r\000\040\000d\000e\000\040\000P\000a\000s\000s\000o}{subsection.3.4}% 34
\BOOKMARK [3][-]{subsubsection.3.4.3}{\376\377\000A\000f\000e\000r\000i\000\347\000\343\000o\000\040\000d\000o\000s\000\040\000s\000e\000n\000s\000o\000r\000e\000s}{subsection.3.4}% 35
\BOOKMARK [3][-]{subsubsection.3.4.4}{\376\377\000P\000u\000l\000s\000e\000\040\000W\000i\000d\000t\000h\000\040\000M\000o\000d\000u\000l\000a\000t\000i\000o\000n}{subsection.3.4}% 36
\BOOKMARK [3][-]{subsubsection.3.4.5}{\376\377\000C\000o\000n\000t\000r\000o\000l\000a\000d\000o\000r\000\040\000P\000I\000D}{subsection.3.4}% 37
\BOOKMARK [2][-]{subsection.3.5}{\376\377\000M\000o\000n\000t\000a\000g\000e\000m}{section.3}% 38
\BOOKMARK [1][-]{section.4}{\376\377\000R\000e\000s\000u\000l\000t\000a\000d\000o\000s\000\040\000e\000\040\000D\000i\000s\000c\000u\000s\000s\000\343\000o}{}% 39
\BOOKMARK [1][-]{section.5}{\376\377\000C\000o\000n\000c\000l\000u\000s\000\365\000e\000s}{}% 40
